2014-01-28T13:55:08+00:00 ERR (3): 
exception 'Mage_Eav_Model_Entity_Attribute_Exception' with message 'SQLSTATE[23000]: Integrity constraint violation: 1062 Duplicate entry '796-1-0-2.0000-0' for key 2' in /home/httpsylc/public_html/lacentrale/app/code/core/Mage/Core/Model/Config.php:1348
Stack trace:
#0 /home/httpsylc/public_html/lacentrale/app/Mage.php(462): Mage_Core_Model_Config->getModelInstance('eav/entity_attr...', 'SQLSTATE[23000]...')
#1 /home/httpsylc/public_html/lacentrale/app/code/core/Mage/Eav/Model/Entity/Abstract.php(661): Mage::getModel('eav/entity_attr...', 'SQLSTATE[23000]...')
#2 /home/httpsylc/public_html/lacentrale/app/code/core/Mage/Eav/Model/Entity/Abstract.php(1648): Mage_Eav_Model_Entity_Abstract->walkAttributes('backend/afterSa...', Array)
#3 /home/httpsylc/public_html/lacentrale/app/code/core/Mage/Catalog/Model/Resource/Product.php(195): Mage_Eav_Model_Entity_Abstract->_afterSave(Object(Mage_Catalog_Model_Product))
#4 /home/httpsylc/public_html/lacentrale/app/code/core/Mage/Eav/Model/Entity/Abstract.php(1124): Mage_Catalog_Model_Resource_Product->_afterSave(Object(Mage_Catalog_Model_Product))
#5 /home/httpsylc/public_html/lacentrale/app/code/core/Mage/Core/Model/Abstract.php(318): Mage_Eav_Model_Entity_Abstract->save(Object(Mage_Catalog_Model_Product))
#6 /home/httpsylc/public_html/lacentrale/app/design/frontend/default/default/template/catalog/product/view.phtml(192): Mage_Core_Model_Abstract->save()
#7 /home/httpsylc/public_html/lacentrale/app/code/core/Mage/Core/Block/Template.php(241): include('/home/httpsylc/...')
#8 /home/httpsylc/public_html/lacentrale/app/code/core/Mage/Core/Block/Template.php(272): Mage_Core_Block_Template->fetchView('frontend/defaul...')
#9 /home/httpsylc/public_html/lacentrale/app/code/core/Mage/Core/Block/Template.php(286): Mage_Core_Block_Template->renderView()
#10 /home/httpsylc/public_html/lacentrale/app/code/core/Mage/Core/Block/Abstract.php(863): Mage_Core_Block_Template->_toHtml()
#11 /home/httpsylc/public_html/lacentrale/app/code/core/Mage/Core/Block/Text/List.php(43): Mage_Core_Block_Abstract->toHtml()
#12 /home/httpsylc/public_html/lacentrale/app/code/core/Mage/Core/Block/Abstract.php(863): Mage_Core_Block_Text_List->_toHtml()
#13 /home/httpsylc/public_html/lacentrale/app/code/core/Mage/Core/Block/Abstract.php(582): Mage_Core_Block_Abstract->toHtml()
#14 /home/httpsylc/public_html/lacentrale/app/code/core/Mage/Core/Block/Abstract.php(526): Mage_Core_Block_Abstract->_getChildHtml('content', true)
#15 /home/httpsylc/public_html/lacentrale/app/design/frontend/default/default/template/page/product-details.phtml(45): Mage_Core_Block_Abstract->getChildHtml('content')
#16 /home/httpsylc/public_html/lacentrale/app/code/core/Mage/Core/Block/Template.php(241): include('/home/httpsylc/...')
#17 /home/httpsylc/public_html/lacentrale/app/code/core/Mage/Core/Block/Template.php(272): Mage_Core_Block_Template->fetchView('frontend/defaul...')
#18 /home/httpsylc/public_html/lacentrale/app/code/core/Mage/Core/Block/Template.php(286): Mage_Core_Block_Template->renderView()
#19 /home/httpsylc/public_html/lacentrale/app/code/core/Mage/Core/Block/Abstract.php(863): Mage_Core_Block_Template->_toHtml()
#20 /home/httpsylc/public_html/lacentrale/app/code/core/Mage/Core/Model/Layout.php(555): Mage_Core_Block_Abstract->toHtml()
#21 /home/httpsylc/public_html/lacentrale/app/code/core/Mage/Core/Controller/Varien/Action.php(390): Mage_Core_Model_Layout->getOutput()
#22 /home/httpsylc/public_html/lacentrale/app/code/core/Mage/Catalog/Helper/Product/View.php(147): Mage_Core_Controller_Varien_Action->renderLayout()
#23 /home/httpsylc/public_html/lacentrale/app/code/core/Mage/Catalog/controllers/ProductController.php(132): Mage_Catalog_Helper_Product_View->prepareAndRender(796, Object(Mage_Catalog_ProductController), Object(Varien_Object))
#24 /home/httpsylc/public_html/lacentrale/app/code/core/Mage/Core/Controller/Varien/Action.php(419): Mage_Catalog_ProductController->viewAction()
#25 /home/httpsylc/public_html/lacentrale/app/code/core/Mage/Core/Controller/Varien/Router/Standard.php(250): Mage_Core_Controller_Varien_Action->dispatch('view')
#26 /home/httpsylc/public_html/lacentrale/app/code/core/Mage/Core/Controller/Varien/Front.php(176): Mage_Core_Controller_Varien_Router_Standard->match(Object(Mage_Core_Controller_Request_Http))
#27 /home/httpsylc/public_html/lacentrale/app/code/core/Mage/Core/Model/App.php(354): Mage_Core_Controller_Varien_Front->dispatch()
#28 /home/httpsylc/public_html/lacentrale/app/Mage.php(683): Mage_Core_Model_App->run(Array)
#29 /home/httpsylc/public_html/lacentrale/index.php(87): Mage::run('', 'store')
#30 {main}
2014-01-28T14:10:44+00:00 ERR (3): 
exception 'Mage_Eav_Model_Entity_Attribute_Exception' with message 'SQLSTATE[23000]: Integrity constraint violation: 1062 Duplicate entry '795-1-0-2.0000-0' for key 2' in /home/httpsylc/public_html/lacentrale/app/code/core/Mage/Core/Model/Config.php:1348
Stack trace:
#0 /home/httpsylc/public_html/lacentrale/app/Mage.php(462): Mage_Core_Model_Config->getModelInstance('eav/entity_attr...', 'SQLSTATE[23000]...')
#1 /home/httpsylc/public_html/lacentrale/app/code/core/Mage/Eav/Model/Entity/Abstract.php(661): Mage::getModel('eav/entity_attr...', 'SQLSTATE[23000]...')
#2 /home/httpsylc/public_html/lacentrale/app/code/core/Mage/Eav/Model/Entity/Abstract.php(1648): Mage_Eav_Model_Entity_Abstract->walkAttributes('backend/afterSa...', Array)
#3 /home/httpsylc/public_html/lacentrale/app/code/core/Mage/Catalog/Model/Resource/Product.php(195): Mage_Eav_Model_Entity_Abstract->_afterSave(Object(Mage_Catalog_Model_Product))
#4 /home/httpsylc/public_html/lacentrale/app/code/core/Mage/Eav/Model/Entity/Abstract.php(1124): Mage_Catalog_Model_Resource_Product->_afterSave(Object(Mage_Catalog_Model_Product))
#5 /home/httpsylc/public_html/lacentrale/app/code/core/Mage/Core/Model/Abstract.php(318): Mage_Eav_Model_Entity_Abstract->save(Object(Mage_Catalog_Model_Product))
#6 /home/httpsylc/public_html/lacentrale/app/design/frontend/default/default/template/catalog/product/view.phtml(192): Mage_Core_Model_Abstract->save()
#7 /home/httpsylc/public_html/lacentrale/app/code/core/Mage/Core/Block/Template.php(241): include('/home/httpsylc/...')
#8 /home/httpsylc/public_html/lacentrale/app/code/core/Mage/Core/Block/Template.php(272): Mage_Core_Block_Template->fetchView('frontend/defaul...')
#9 /home/httpsylc/public_html/lacentrale/app/code/core/Mage/Core/Block/Template.php(286): Mage_Core_Block_Template->renderView()
#10 /home/httpsylc/public_html/lacentrale/app/code/core/Mage/Core/Block/Abstract.php(863): Mage_Core_Block_Template->_toHtml()
#11 /home/httpsylc/public_html/lacentrale/app/code/core/Mage/Core/Block/Text/List.php(43): Mage_Core_Block_Abstract->toHtml()
#12 /home/httpsylc/public_html/lacentrale/app/code/core/Mage/Core/Block/Abstract.php(863): Mage_Core_Block_Text_List->_toHtml()
#13 /home/httpsylc/public_html/lacentrale/app/code/core/Mage/Core/Block/Abstract.php(582): Mage_Core_Block_Abstract->toHtml()
#14 /home/httpsylc/public_html/lacentrale/app/code/core/Mage/Core/Block/Abstract.php(526): Mage_Core_Block_Abstract->_getChildHtml('content', true)
#15 /home/httpsylc/public_html/lacentrale/app/design/frontend/default/default/template/page/product-details.phtml(45): Mage_Core_Block_Abstract->getChildHtml('content')
#16 /home/httpsylc/public_html/lacentrale/app/code/core/Mage/Core/Block/Template.php(241): include('/home/httpsylc/...')
#17 /home/httpsylc/public_html/lacentrale/app/code/core/Mage/Core/Block/Template.php(272): Mage_Core_Block_Template->fetchView('frontend/defaul...')
#18 /home/httpsylc/public_html/lacentrale/app/code/core/Mage/Core/Block/Template.php(286): Mage_Core_Block_Template->renderView()
#19 /home/httpsylc/public_html/lacentrale/app/code/core/Mage/Core/Block/Abstract.php(863): Mage_Core_Block_Template->_toHtml()
#20 /home/httpsylc/public_html/lacentrale/app/code/core/Mage/Core/Model/Layout.php(555): Mage_Core_Block_Abstract->toHtml()
#21 /home/httpsylc/public_html/lacentrale/app/code/core/Mage/Core/Controller/Varien/Action.php(390): Mage_Core_Model_Layout->getOutput()
#22 /home/httpsylc/public_html/lacentrale/app/code/core/Mage/Catalog/Helper/Product/View.php(147): Mage_Core_Controller_Varien_Action->renderLayout()
#23 /home/httpsylc/public_html/lacentrale/app/code/core/Mage/Catalog/controllers/ProductController.php(132): Mage_Catalog_Helper_Product_View->prepareAndRender(795, Object(Mage_Catalog_ProductController), Object(Varien_Object))
#24 /home/httpsylc/public_html/lacentrale/app/code/core/Mage/Core/Controller/Varien/Action.php(419): Mage_Catalog_ProductController->viewAction()
#25 /home/httpsylc/public_html/lacentrale/app/code/core/Mage/Core/Controller/Varien/Router/Standard.php(250): Mage_Core_Controller_Varien_Action->dispatch('view')
#26 /home/httpsylc/public_html/lacentrale/app/code/core/Mage/Core/Controller/Varien/Front.php(176): Mage_Core_Controller_Varien_Router_Standard->match(Object(Mage_Core_Controller_Request_Http))
#27 /home/httpsylc/public_html/lacentrale/app/code/core/Mage/Core/Model/App.php(354): Mage_Core_Controller_Varien_Front->dispatch()
#28 /home/httpsylc/public_html/lacentrale/app/Mage.php(683): Mage_Core_Model_App->run(Array)
#29 /home/httpsylc/public_html/lacentrale/index.php(87): Mage::run('', 'store')
#30 {main}
